

Microchip Technology PIC18 LITE Macro Assembler V1.20 build 52243 
                                                                                               Fri Jan 25 18:45:57 2019

Microchip Technology Omniscient Code Generator (Lite mode) build 52243
     1                           	processor	18F4550
     2                           	fnconf	rparam,??,?,0
     3                           	opt	pw 120
     4                           	opt	lm
     5                           	psect	intcodelo,global,reloc=2,class=CODE,delta=1
     6                           	psect	cinit,global,reloc=2,class=CODE,delta=1
     7                           	psect	bssCOMRAM,global,class=COMRAM,space=1,delta=1
     8                           	psect	cstackCOMRAM,global,class=COMRAM,space=1,delta=1
     9                           	psect	text0,global,reloc=2,class=CODE,delta=1
    10                           	psect	text1,global,reloc=2,class=CODE,delta=1
    11                           	psect	text2,global,reloc=2,class=CODE,delta=1
    12                           	psect	intcode,global,reloc=2,class=CODE,delta=1
    13                           	psect	intcode_body,global,reloc=2,class=CODE,delta=1
    14                           	psect	intsave_regs,global,class=BIGRAM,space=1,delta=1
    15                           	psect	rparam,global,class=COMRAM,space=1,delta=1
    16  0000                     _TMR0	set	4054
    17  0000                     _INTCONbits	set	4082
    18  0000                     _PORTD	set	3971
    19  0000                     _PORTDbits	set	3971
    20  0000                     _T0CONbits	set	4053
    21  0000                     _TRISD	set	3989
    22                           
    23 ;; *************** function _low_isr *****************
    24 ;; Defined at:
    25 ;;		line 57 in file "interrupts.c"
    26 ;; Parameters:    Size  Location     Type
    27 ;;		None
    28 ;; Auto vars:     Size  Location     Type
    29 ;;		None
    30 ;; Return value:  Size  Location     Type
    31 ;;		None               void
    32 ;; Registers used:
    33 ;;		None
    34 ;; Tracked objects:
    35 ;;		On entry : 0/0
    36 ;;		On exit  : 0/0
    37 ;;		Unchanged: 0/0
    38 ;; Data sizes:     COMRAM   BANK0   BANK1   BANK2   BANK3   BANK4   BANK5   BANK6   BANK7
    39 ;;      Params:         0       0       0       0       0       0       0       0       0
    40 ;;      Locals:         0       0       0       0       0       0       0       0       0
    41 ;;      Temps:         17       0       0       0       0       0       0       0       0
    42 ;;      Totals:        17       0       0       0       0       0       0       0       0
    43 ;;Total ram usage:       17 bytes
    44 ;; Hardware stack levels used:    1
    45 ;; Hardware stack levels required when called:    1
    46 ;; This function calls:
    47 ;;		Nothing
    48 ;; This function is called by:
    49 ;;		Interrupt level 1
    50 ;; This function uses a non-reentrant model
    51 ;;
    52                           
    53                           	psect	intcodelo
    54  000018                     __pintcodelo:
    55                           	opt stack 0
    56                           
    57                           ; #config settings
    58  000018                     _low_isr:
    59                           	opt stack 28
    60                           
    61                           ;incstack = 0
    62  000018  CFD8 F001          	movff	status,??_low_isr
    63  00001C  CFE8 F002          	movff	wreg,??_low_isr+1
    64  000020  CFE0 F003          	movff	bsr,??_low_isr+2
    65  000024  CFFA F004          	movff	pclath,??_low_isr+3
    66  000028  CFFB F005          	movff	pclatu,??_low_isr+4
    67  00002C  CFE9 F006          	movff	fsr0l,??_low_isr+5
    68  000030  CFEA F007          	movff	fsr0h,??_low_isr+6
    69  000034  CFE1 F008          	movff	fsr1l,??_low_isr+7
    70  000038  CFE2 F009          	movff	fsr1h,??_low_isr+8
    71  00003C  CFD9 F00A          	movff	fsr2l,??_low_isr+9
    72  000040  CFDA F00B          	movff	fsr2h,??_low_isr+10
    73  000044  CFF3 F00C          	movff	prodl,??_low_isr+11
    74  000048  CFF4 F00D          	movff	prodh,??_low_isr+12
    75  00004C  CFF6 F00E          	movff	tblptrl,??_low_isr+13
    76  000050  CFF7 F00F          	movff	tblptrh,??_low_isr+14
    77  000054  CFF8 F010          	movff	tblptru,??_low_isr+15
    78  000058  CFF5 F011          	movff	tablat,??_low_isr+16
    79  00005C  C011  FFF5         	movff	??_low_isr+16,tablat
    80  000060  C010  FFF8         	movff	??_low_isr+15,tblptru
    81  000064  C00F  FFF7         	movff	??_low_isr+14,tblptrh
    82  000068  C00E  FFF6         	movff	??_low_isr+13,tblptrl
    83  00006C  C00D  FFF4         	movff	??_low_isr+12,prodh
    84  000070  C00C  FFF3         	movff	??_low_isr+11,prodl
    85  000074  C00B  FFDA         	movff	??_low_isr+10,fsr2h
    86  000078  C00A  FFD9         	movff	??_low_isr+9,fsr2l
    87  00007C  C009  FFE2         	movff	??_low_isr+8,fsr1h
    88  000080  C008  FFE1         	movff	??_low_isr+7,fsr1l
    89  000084  C007  FFEA         	movff	??_low_isr+6,fsr0h
    90  000088  C006  FFE9         	movff	??_low_isr+5,fsr0l
    91  00008C  C005  FFFB         	movff	??_low_isr+4,pclatu
    92  000090  C004  FFFA         	movff	??_low_isr+3,pclath
    93  000094  C003  FFE0         	movff	??_low_isr+2,bsr
    94  000098  C002  FFE8         	movff	??_low_isr+1,wreg
    95  00009C  C001  FFD8         	movff	??_low_isr,status
    96  0000A0  0010               	retfie	
    97  0000A2                     __end_of_low_isr:
    98                           	opt stack 0
    99                           pclatu	equ	0xFFB
   100                           pclath	equ	0xFFA
   101                           tblptru	equ	0xFF8
   102                           tblptrh	equ	0xFF7
   103                           tblptrl	equ	0xFF6
   104                           tablat	equ	0xFF5
   105                           prodh	equ	0xFF4
   106                           prodl	equ	0xFF3
   107                           fsr0h	equ	0xFEA
   108                           fsr0l	equ	0xFE9
   109                           wreg	equ	0xFE8
   110                           fsr1h	equ	0xFE2
   111                           fsr1l	equ	0xFE1
   112                           bsr	equ	0xFE0
   113                           fsr2h	equ	0xFDA
   114                           fsr2l	equ	0xFD9
   115                           status	equ	0xFD8
   116                           
   117                           	psect	cinit
   118  00022E                     __pcinit:
   119                           	opt stack 0
   120  00022E                     start_initialization:
   121                           	opt stack 0
   122  00022E                     __initialization:
   123                           	opt stack 0
   124                           
   125                           ; Clear objects allocated to COMRAM (5 bytes)
   126  00022E  6A25               	clrf	(__pbssCOMRAM+4)& (0+255),c
   127  000230  6A24               	clrf	(__pbssCOMRAM+3)& (0+255),c
   128  000232  6A23               	clrf	(__pbssCOMRAM+2)& (0+255),c
   129  000234  6A22               	clrf	(__pbssCOMRAM+1)& (0+255),c
   130  000236  6A21               	clrf	__pbssCOMRAM& (0+255),c
   131  000238                     end_of_initialization:
   132                           	opt stack 0
   133  000238                     __end_of__initialization:
   134                           	opt stack 0
   135  000238  0100               	movlb	0
   136  00023A  EF53  F000         	goto	_main	;jump to C main() function
   137                           pclatu	equ	0xFFB
   138                           pclath	equ	0xFFA
   139                           tblptru	equ	0xFF8
   140                           tblptrh	equ	0xFF7
   141                           tblptrl	equ	0xFF6
   142                           tablat	equ	0xFF5
   143                           prodh	equ	0xFF4
   144                           prodl	equ	0xFF3
   145                           fsr0h	equ	0xFEA
   146                           fsr0l	equ	0xFE9
   147                           wreg	equ	0xFE8
   148                           fsr1h	equ	0xFE2
   149                           fsr1l	equ	0xFE1
   150                           bsr	equ	0xFE0
   151                           fsr2h	equ	0xFDA
   152                           fsr2l	equ	0xFD9
   153                           status	equ	0xFD8
   154                           
   155                           	psect	bssCOMRAM
   156  000021                     __pbssCOMRAM:
   157                           	opt stack 0
   158  000021                     _c:
   159                           	opt stack 0
   160  000021                     	ds	1
   161  000022                     _c1:
   162                           	opt stack 0
   163  000022                     	ds	1
   164  000023                     _c2:
   165                           	opt stack 0
   166  000023                     	ds	1
   167  000024                     _c90:
   168                           	opt stack 0
   169  000024                     	ds	1
   170  000025                     _isHigh:
   171                           	opt stack 0
   172  000025                     	ds	1
   173                           pclatu	equ	0xFFB
   174                           pclath	equ	0xFFA
   175                           tblptru	equ	0xFF8
   176                           tblptrh	equ	0xFF7
   177                           tblptrl	equ	0xFF6
   178                           tablat	equ	0xFF5
   179                           prodh	equ	0xFF4
   180                           prodl	equ	0xFF3
   181                           fsr0h	equ	0xFEA
   182                           fsr0l	equ	0xFE9
   183                           wreg	equ	0xFE8
   184                           fsr1h	equ	0xFE2
   185                           fsr1l	equ	0xFE1
   186                           bsr	equ	0xFE0
   187                           fsr2h	equ	0xFDA
   188                           fsr2l	equ	0xFD9
   189                           status	equ	0xFD8
   190                           
   191                           	psect	cstackCOMRAM
   192  000001                     __pcstackCOMRAM:
   193                           	opt stack 0
   194  000001                     ??_low_isr:
   195  000001                     
   196                           ; 0 bytes @ 0x0
   197  000001                     	ds	17
   198  000012                     ??_high_isr:
   199                           
   200                           ; 0 bytes @ 0x11
   201  000012                     	ds	14
   202  000020                     ??_main:
   203                           
   204                           ; 0 bytes @ 0x1F
   205  000020                     	ds	1
   206                           pclatu	equ	0xFFB
   207                           pclath	equ	0xFFA
   208                           tblptru	equ	0xFF8
   209                           tblptrh	equ	0xFF7
   210                           tblptrl	equ	0xFF6
   211                           tablat	equ	0xFF5
   212                           prodh	equ	0xFF4
   213                           prodl	equ	0xFF3
   214                           fsr0h	equ	0xFEA
   215                           fsr0l	equ	0xFE9
   216                           wreg	equ	0xFE8
   217                           fsr1h	equ	0xFE2
   218                           fsr1l	equ	0xFE1
   219                           bsr	equ	0xFE0
   220                           fsr2h	equ	0xFDA
   221                           fsr2l	equ	0xFD9
   222                           status	equ	0xFD8
   223                           
   224 ;;
   225 ;;Main: autosize = 0, tempsize = 1, incstack = 0, save=0
   226 ;;
   227 ;; *************** function _main *****************
   228 ;; Defined at:
   229 ;;		line 45 in file "main.c"
   230 ;; Parameters:    Size  Location     Type
   231 ;;		None
   232 ;; Auto vars:     Size  Location     Type
   233 ;;		None
   234 ;; Return value:  Size  Location     Type
   235 ;;		None               void
   236 ;; Registers used:
   237 ;;		wreg, fsr0l, fsr0h, fsr1l, fsr1h, fsr1l, fsr1h, fsr2l, fsr2h, status,2, status,0, pclat, btemp, btemp+1, btemp+2, bt
      +emp+3, btemp+4, btemp+5, btemp+6, btemp+7, tosl, structret, tblptrl, tblptrh, tblptru, prodl, prodh, bsr, cstack
   238 ;; Tracked objects:
   239 ;;		On entry : 0/0
   240 ;;		On exit  : 0/0
   241 ;;		Unchanged: 0/0
   242 ;; Data sizes:     COMRAM   BANK0   BANK1   BANK2   BANK3   BANK4   BANK5   BANK6   BANK7
   243 ;;      Params:         0       0       0       0       0       0       0       0       0
   244 ;;      Locals:         0       0       0       0       0       0       0       0       0
   245 ;;      Temps:          1       0       0       0       0       0       0       0       0
   246 ;;      Totals:         1       0       0       0       0       0       0       0       0
   247 ;;Total ram usage:        1 bytes
   248 ;; Hardware stack levels required when called:    3
   249 ;; This function calls:
   250 ;;		_ConfigureOscillator
   251 ;;		_InitApp
   252 ;; This function is called by:
   253 ;;		Startup code after reset
   254 ;; This function uses a non-reentrant model
   255 ;;
   256                           
   257                           	psect	text0
   258  0000A6                     __ptext0:
   259                           	opt stack 0
   260  0000A6                     _main:
   261                           	opt stack 28
   262                           
   263                           ;main.c: 47: ConfigureOscillator();
   264                           
   265                           ;incstack = 0
   266                           ;incstack = 0
   267  0000A6  EC1F  F001         	call	_ConfigureOscillator	;wreg free
   268                           
   269                           ;main.c: 50: InitApp();
   270  0000AA  EC05  F001         	call	_InitApp	;wreg free
   271  0000AE                     l635:
   272                           
   273                           ;main.c: 55: {
   274                           ;main.c: 60: if(INTCONbits.T0IF == 1)
   275  0000AE  A4F2               	btfss	intcon,2,c	;volatile
   276  0000B0  D7FE               	goto	l635
   277                           
   278                           ;main.c: 61: {
   279                           ;main.c: 62: TMR0 = -746;
   280  0000B2  0EFD               	movlw	253
   281  0000B4  6ED7               	movwf	4055,c	;volatile
   282  0000B6  0E16               	movlw	22
   283  0000B8  6ED6               	movwf	4054,c	;volatile
   284                           
   285                           ;main.c: 63: INTCONbits.T0IF = 0;
   286  0000BA  94F2               	bcf	intcon,2,c	;volatile
   287                           
   288                           ;main.c: 65: isHigh = !isHigh;
   289  0000BC  5025               	movf	_isHigh,w,c
   290  0000BE  A4D8               	btfss	status,2,c
   291  0000C0  D002               	goto	u20
   292  0000C2  0E01               	movlw	1
   293  0000C4  D001               	goto	u26
   294  0000C6                     u20:
   295  0000C6  0E00               	movlw	0
   296  0000C8                     u26:
   297  0000C8  6E25               	movwf	_isHigh,c
   298                           
   299                           ;main.c: 67: if(isHigh)
   300  0000CA  5025               	movf	_isHigh,w,c
   301  0000CC  B4D8               	btfsc	status,2,c
   302  0000CE  D05A               	goto	l661
   303                           
   304                           ;main.c: 68: {
   305                           ;main.c: 69: PORTDbits.RD2 =!PORTDbits.RD2;
   306  0000D0  B483               	btfsc	3971,2,c	;volatile
   307  0000D2  D002               	goto	u40
   308  0000D4  0E01               	movlw	1
   309  0000D6  D001               	goto	u46
   310  0000D8                     u40:
   311  0000D8  0E00               	movlw	0
   312  0000DA                     u46:
   313  0000DA  6E20               	movwf	??_main& (0+255),c
   314  0000DC  4620               	rlncf	??_main,f,c
   315  0000DE  4620               	rlncf	??_main,f,c
   316  0000E0  5083               	movf	3971,w,c	;volatile
   317  0000E2  1820               	xorwf	??_main,w,c
   318  0000E4  0BFB               	andlw	-5
   319  0000E6  1820               	xorwf	??_main,w,c
   320  0000E8  6E83               	movwf	3971,c	;volatile
   321                           
   322                           ;main.c: 70: if(PORTDbits.RD2 == 0)
   323  0000EA  B483               	btfsc	3971,2,c	;volatile
   324  0000EC  D03F               	goto	l659
   325                           
   326                           ;main.c: 71: {
   327                           ;main.c: 72: PORTDbits.RD4 = !PORTDbits.RD4;
   328  0000EE  B883               	btfsc	3971,4,c	;volatile
   329  0000F0  D002               	goto	u60
   330  0000F2  0E01               	movlw	1
   331  0000F4  D001               	goto	u66
   332  0000F6                     u60:
   333  0000F6  0E00               	movlw	0
   334  0000F8                     u66:
   335  0000F8  6E20               	movwf	??_main& (0+255),c
   336  0000FA  3A20               	swapf	??_main,f,c
   337  0000FC  5083               	movf	3971,w,c	;volatile
   338  0000FE  1820               	xorwf	??_main,w,c
   339  000100  0BEF               	andlw	-17
   340  000102  1820               	xorwf	??_main,w,c
   341  000104  6E83               	movwf	3971,c	;volatile
   342                           
   343                           ;main.c: 73: if(PORTDbits.RD4 == 0)
   344  000106  B883               	btfsc	3971,4,c	;volatile
   345  000108  D026               	goto	l657
   346                           
   347                           ;main.c: 74: {
   348                           ;main.c: 75: PORTDbits.RD0 = !PORTDbits.RD0;
   349  00010A  B083               	btfsc	3971,0,c	;volatile
   350  00010C  D002               	goto	u80
   351  00010E  0E01               	movlw	1
   352  000110  D001               	goto	u86
   353  000112                     u80:
   354  000112  0E00               	movlw	0
   355  000114                     u86:
   356  000114  6E20               	movwf	??_main& (0+255),c
   357  000116  5083               	movf	3971,w,c	;volatile
   358  000118  1820               	xorwf	??_main,w,c
   359  00011A  0BFE               	andlw	-2
   360  00011C  1820               	xorwf	??_main,w,c
   361  00011E  6E83               	movwf	3971,c	;volatile
   362                           
   363                           ;main.c: 76: if(PORTDbits.RD0 == 0)
   364  000120  B083               	btfsc	3971,0,c	;volatile
   365  000122  D00D               	goto	l655
   366                           
   367                           ;main.c: 77: {
   368                           ;main.c: 78: PORTDbits.RD6 = !PORTDbits.RD6;
   369  000124  BC83               	btfsc	3971,6,c	;volatile
   370  000126  D002               	goto	u100
   371  000128  0E01               	movlw	1
   372  00012A  D001               	goto	u106
   373  00012C                     u100:
   374  00012C  0E00               	movlw	0
   375  00012E                     u106:
   376  00012E  6E20               	movwf	??_main& (0+255),c
   377  000130  3A20               	swapf	??_main,f,c
   378  000132  4620               	rlncf	??_main,f,c
   379  000134  4620               	rlncf	??_main,f,c
   380  000136  5083               	movf	3971,w,c	;volatile
   381  000138  1820               	xorwf	??_main,w,c
   382  00013A  0BBF               	andlw	-65
   383  00013C  D02F               	goto	L4
   384  00013E                     l655:
   385                           
   386                           ;main.c: 80: PORTDbits.RD7 = !PORTDbits.RD7;
   387  00013E  BE83               	btfsc	3971,7,c	;volatile
   388  000140  D002               	goto	u110
   389  000142  0E01               	movlw	1
   390  000144  D001               	goto	u116
   391  000146                     u110:
   392  000146  0E00               	movlw	0
   393  000148                     u116:
   394  000148  6E20               	movwf	??_main& (0+255),c
   395  00014A  3220               	rrcf	??_main,f,c
   396  00014C  3220               	rrcf	??_main,f,c
   397  00014E  5083               	movf	3971,w,c	;volatile
   398  000150  1820               	xorwf	??_main,w,c
   399  000152  0B7F               	andlw	-129
   400  000154  D023               	goto	L4
   401  000156                     l657:
   402                           
   403                           ;main.c: 83: PORTDbits.RD1 = !PORTDbits.RD1;
   404  000156  B283               	btfsc	3971,1,c	;volatile
   405  000158  D002               	goto	u120
   406  00015A  0E01               	movlw	1
   407  00015C  D001               	goto	u126
   408  00015E                     u120:
   409  00015E  0E00               	movlw	0
   410  000160                     u126:
   411  000160  6E20               	movwf	??_main& (0+255),c
   412  000162  4620               	rlncf	??_main,f,c
   413  000164  5083               	movf	3971,w,c	;volatile
   414  000166  1820               	xorwf	??_main,w,c
   415  000168  0BFD               	andlw	-3
   416  00016A  D018               	goto	L4
   417  00016C                     l659:
   418                           
   419                           ;main.c: 87: PORTDbits.RD5 = !PORTDbits.RD5;
   420  00016C  BA83               	btfsc	3971,5,c	;volatile
   421  00016E  D002               	goto	u130
   422  000170  0E01               	movlw	1
   423  000172  D001               	goto	u136
   424  000174                     u130:
   425  000174  0E00               	movlw	0
   426  000176                     u136:
   427  000176  6E20               	movwf	??_main& (0+255),c
   428  000178  3A20               	swapf	??_main,f,c
   429  00017A  4620               	rlncf	??_main,f,c
   430  00017C  5083               	movf	3971,w,c	;volatile
   431  00017E  1820               	xorwf	??_main,w,c
   432  000180  0BDF               	andlw	-33
   433  000182  D00C               	goto	L4
   434  000184                     l661:
   435                           
   436                           ;main.c: 90: PORTDbits.RD3 =!PORTDbits.RD3;
   437  000184  B683               	btfsc	3971,3,c	;volatile
   438  000186  D002               	goto	u140
   439  000188  0E01               	movlw	1
   440  00018A  D001               	goto	u146
   441  00018C                     u140:
   442  00018C  0E00               	movlw	0
   443  00018E                     u146:
   444  00018E  6E20               	movwf	??_main& (0+255),c
   445  000190  4620               	rlncf	??_main,f,c
   446  000192  4620               	rlncf	??_main,f,c
   447  000194  4620               	rlncf	??_main,f,c
   448  000196  5083               	movf	3971,w,c	;volatile
   449  000198  1820               	xorwf	??_main,w,c
   450  00019A  0BF7               	andlw	-9
   451  00019C                     L4:
   452  00019C  1820               	xorwf	??_main,w,c
   453  00019E  6E83               	movwf	3971,c	;volatile
   454  0001A0  D786               	goto	l635
   455  0001A2                     __end_of_main:
   456                           	opt stack 0
   457                           pclatu	equ	0xFFB
   458                           pclath	equ	0xFFA
   459                           tblptru	equ	0xFF8
   460                           tblptrh	equ	0xFF7
   461                           tblptrl	equ	0xFF6
   462                           tablat	equ	0xFF5
   463                           prodh	equ	0xFF4
   464                           prodl	equ	0xFF3
   465                           intcon	equ	0xFF2
   466                           fsr0h	equ	0xFEA
   467                           fsr0l	equ	0xFE9
   468                           wreg	equ	0xFE8
   469                           fsr1h	equ	0xFE2
   470                           fsr1l	equ	0xFE1
   471                           bsr	equ	0xFE0
   472                           fsr2h	equ	0xFDA
   473                           fsr2l	equ	0xFD9
   474                           status	equ	0xFD8
   475                           
   476 ;; *************** function _InitApp *****************
   477 ;; Defined at:
   478 ;;		line 37 in file "user.c"
   479 ;; Parameters:    Size  Location     Type
   480 ;;		None
   481 ;; Auto vars:     Size  Location     Type
   482 ;;		None
   483 ;; Return value:  Size  Location     Type
   484 ;;		None               void
   485 ;; Registers used:
   486 ;;		wreg, status,2
   487 ;; Tracked objects:
   488 ;;		On entry : 0/0
   489 ;;		On exit  : 0/0
   490 ;;		Unchanged: 0/0
   491 ;; Data sizes:     COMRAM   BANK0   BANK1   BANK2   BANK3   BANK4   BANK5   BANK6   BANK7
   492 ;;      Params:         0       0       0       0       0       0       0       0       0
   493 ;;      Locals:         0       0       0       0       0       0       0       0       0
   494 ;;      Temps:          0       0       0       0       0       0       0       0       0
   495 ;;      Totals:         0       0       0       0       0       0       0       0       0
   496 ;;Total ram usage:        0 bytes
   497 ;; Hardware stack levels used:    1
   498 ;; Hardware stack levels required when called:    2
   499 ;; This function calls:
   500 ;;		Nothing
   501 ;; This function is called by:
   502 ;;		_main
   503 ;; This function uses a non-reentrant model
   504 ;;
   505                           
   506                           	psect	text1
   507  00020A                     __ptext1:
   508                           	opt stack 0
   509  00020A                     _InitApp:
   510                           	opt stack 28
   511                           
   512                           ;user.c: 39: TRISD = 0x00;
   513                           
   514                           ;incstack = 0
   515                           ;incstack = 0
   516  00020A  0E00               	movlw	0
   517  00020C  6E95               	movwf	3989,c	;volatile
   518                           
   519                           ;user.c: 40: PORTD = 0x00;
   520  00020E  0E00               	movlw	0
   521  000210  6E83               	movwf	3971,c	;volatile
   522                           
   523                           ;user.c: 51: T0CONbits.TMR0ON = 0;
   524  000212  9ED5               	bcf	4053,7,c	;volatile
   525                           
   526                           ;user.c: 52: T0CONbits.T08BIT = 0;
   527  000214  9CD5               	bcf	4053,6,c	;volatile
   528                           
   529                           ;user.c: 53: T0CONbits.T0CS = 0;
   530  000216  9AD5               	bcf	4053,5,c	;volatile
   531                           
   532                           ;user.c: 54: T0CONbits.PSA = 0;
   533  000218  96D5               	bcf	4053,3,c	;volatile
   534                           
   535                           ;user.c: 55: T0CONbits.T0PS = 0b000;
   536  00021A  90D5               	bcf	4053,0,c	;volatile
   537  00021C  92D5               	bcf	4053,1,c	;volatile
   538  00021E  94D5               	bcf	4053,2,c	;volatile
   539                           
   540                           ;user.c: 56: TMR0 = -746;
   541  000220  0EFD               	movlw	253
   542  000222  6ED7               	movwf	4055,c	;volatile
   543  000224  0E16               	movlw	22
   544  000226  6ED6               	movwf	4054,c	;volatile
   545                           
   546                           ;user.c: 57: INTCONbits.T0IF = 0;
   547  000228  94F2               	bcf	intcon,2,c	;volatile
   548                           
   549                           ;user.c: 58: T0CONbits.TMR0ON = 1;
   550  00022A  8ED5               	bsf	4053,7,c	;volatile
   551  00022C  0012               	return	
   552  00022E                     __end_of_InitApp:
   553                           	opt stack 0
   554                           pclatu	equ	0xFFB
   555                           pclath	equ	0xFFA
   556                           tblptru	equ	0xFF8
   557                           tblptrh	equ	0xFF7
   558                           tblptrl	equ	0xFF6
   559                           tablat	equ	0xFF5
   560                           prodh	equ	0xFF4
   561                           prodl	equ	0xFF3
   562                           intcon	equ	0xFF2
   563                           fsr0h	equ	0xFEA
   564                           fsr0l	equ	0xFE9
   565                           wreg	equ	0xFE8
   566                           fsr1h	equ	0xFE2
   567                           fsr1l	equ	0xFE1
   568                           bsr	equ	0xFE0
   569                           fsr2h	equ	0xFDA
   570                           fsr2l	equ	0xFD9
   571                           status	equ	0xFD8
   572                           
   573 ;; *************** function _ConfigureOscillator *****************
   574 ;; Defined at:
   575 ;;		line 25 in file "system.c"
   576 ;; Parameters:    Size  Location     Type
   577 ;;		None
   578 ;; Auto vars:     Size  Location     Type
   579 ;;		None
   580 ;; Return value:  Size  Location     Type
   581 ;;		None               void
   582 ;; Registers used:
   583 ;;		None
   584 ;; Tracked objects:
   585 ;;		On entry : 0/0
   586 ;;		On exit  : 0/0
   587 ;;		Unchanged: 0/0
   588 ;; Data sizes:     COMRAM   BANK0   BANK1   BANK2   BANK3   BANK4   BANK5   BANK6   BANK7
   589 ;;      Params:         0       0       0       0       0       0       0       0       0
   590 ;;      Locals:         0       0       0       0       0       0       0       0       0
   591 ;;      Temps:          0       0       0       0       0       0       0       0       0
   592 ;;      Totals:         0       0       0       0       0       0       0       0       0
   593 ;;Total ram usage:        0 bytes
   594 ;; Hardware stack levels used:    1
   595 ;; Hardware stack levels required when called:    2
   596 ;; This function calls:
   597 ;;		Nothing
   598 ;; This function is called by:
   599 ;;		_main
   600 ;; This function uses a non-reentrant model
   601 ;;
   602                           
   603                           	psect	text2
   604  00023E                     __ptext2:
   605                           	opt stack 0
   606  00023E                     _ConfigureOscillator:
   607                           	opt stack 28
   608                           
   609                           ;incstack = 0
   610                           ;incstack = 0
   611  00023E  0012               	return	
   612  000240                     __end_of_ConfigureOscillator:
   613                           	opt stack 0
   614                           pclatu	equ	0xFFB
   615                           pclath	equ	0xFFA
   616                           tblptru	equ	0xFF8
   617                           tblptrh	equ	0xFF7
   618                           tblptrl	equ	0xFF6
   619                           tablat	equ	0xFF5
   620                           prodh	equ	0xFF4
   621                           prodl	equ	0xFF3
   622                           intcon	equ	0xFF2
   623                           fsr0h	equ	0xFEA
   624                           fsr0l	equ	0xFE9
   625                           wreg	equ	0xFE8
   626                           fsr1h	equ	0xFE2
   627                           fsr1l	equ	0xFE1
   628                           bsr	equ	0xFE0
   629                           fsr2h	equ	0xFDA
   630                           fsr2l	equ	0xFD9
   631                           status	equ	0xFD8
   632                           
   633 ;; *************** function _high_isr *****************
   634 ;; Defined at:
   635 ;;		line 37 in file "interrupts.c"
   636 ;; Parameters:    Size  Location     Type
   637 ;;		None
   638 ;; Auto vars:     Size  Location     Type
   639 ;;		None
   640 ;; Return value:  Size  Location     Type
   641 ;;		None               void
   642 ;; Registers used:
   643 ;;		None
   644 ;; Tracked objects:
   645 ;;		On entry : 0/0
   646 ;;		On exit  : 0/0
   647 ;;		Unchanged: 0/0
   648 ;; Data sizes:     COMRAM   BANK0   BANK1   BANK2   BANK3   BANK4   BANK5   BANK6   BANK7
   649 ;;      Params:         0       0       0       0       0       0       0       0       0
   650 ;;      Locals:         0       0       0       0       0       0       0       0       0
   651 ;;      Temps:         14       0       0       0       0       0       0       0       0
   652 ;;      Totals:        14       0       0       0       0       0       0       0       0
   653 ;;Total ram usage:       14 bytes
   654 ;; Hardware stack levels used:    1
   655 ;; This function calls:
   656 ;;		Nothing
   657 ;; This function is called by:
   658 ;;		Interrupt level 2
   659 ;; This function uses a non-reentrant model
   660 ;;
   661                           
   662                           	psect	intcode
   663  000008                     __pintcode:
   664                           	opt stack 0
   665  000008                     _high_isr:
   666                           	opt stack 28
   667                           
   668                           ;incstack = 0
   669  000008  CFFA F012          	movff	pclath,??_high_isr
   670  00000C  CFFB F013          	movff	pclatu,??_high_isr+1
   671  000010  CFE9 F014          	movff	fsr0l,??_high_isr+2
   672  000014  EDD1  F000         	call	int_func,f	;refresh shadow registers
   673                           pclatu	equ	0xFFB
   674                           pclath	equ	0xFFA
   675                           tblptru	equ	0xFF8
   676                           tblptrh	equ	0xFF7
   677                           tblptrl	equ	0xFF6
   678                           tablat	equ	0xFF5
   679                           prodh	equ	0xFF4
   680                           prodl	equ	0xFF3
   681                           intcon	equ	0xFF2
   682                           fsr0h	equ	0xFEA
   683                           fsr0l	equ	0xFE9
   684                           wreg	equ	0xFE8
   685                           fsr1h	equ	0xFE2
   686                           fsr1l	equ	0xFE1
   687                           bsr	equ	0xFE0
   688                           fsr2h	equ	0xFDA
   689                           fsr2l	equ	0xFD9
   690                           status	equ	0xFD8
   691                           
   692                           	psect	intcode_body
   693  0001A2                     __pintcode_body:
   694                           	opt stack 28
   695  0001A2                     int_func:
   696                           	opt stack 28
   697  0001A2  0006               	pop		; remove dummy address from shadow register refresh
   698  0001A4  CFEA F015          	movff	fsr0h,??_high_isr+3
   699  0001A8  CFE1 F016          	movff	fsr1l,??_high_isr+4
   700  0001AC  CFE2 F017          	movff	fsr1h,??_high_isr+5
   701  0001B0  CFD9 F018          	movff	fsr2l,??_high_isr+6
   702  0001B4  CFDA F019          	movff	fsr2h,??_high_isr+7
   703  0001B8  CFF3 F01A          	movff	prodl,??_high_isr+8
   704  0001BC  CFF4 F01B          	movff	prodh,??_high_isr+9
   705  0001C0  CFF6 F01C          	movff	tblptrl,??_high_isr+10
   706  0001C4  CFF7 F01D          	movff	tblptrh,??_high_isr+11
   707  0001C8  CFF8 F01E          	movff	tblptru,??_high_isr+12
   708  0001CC  CFF5 F01F          	movff	tablat,??_high_isr+13
   709  0001D0  C01F  FFF5         	movff	??_high_isr+13,tablat
   710  0001D4  C01E  FFF8         	movff	??_high_isr+12,tblptru
   711  0001D8  C01D  FFF7         	movff	??_high_isr+11,tblptrh
   712  0001DC  C01C  FFF6         	movff	??_high_isr+10,tblptrl
   713  0001E0  C01B  FFF4         	movff	??_high_isr+9,prodh
   714  0001E4  C01A  FFF3         	movff	??_high_isr+8,prodl
   715  0001E8  C019  FFDA         	movff	??_high_isr+7,fsr2h
   716  0001EC  C018  FFD9         	movff	??_high_isr+6,fsr2l
   717  0001F0  C017  FFE2         	movff	??_high_isr+5,fsr1h
   718  0001F4  C016  FFE1         	movff	??_high_isr+4,fsr1l
   719  0001F8  C015  FFEA         	movff	??_high_isr+3,fsr0h
   720  0001FC  C014  FFE9         	movff	??_high_isr+2,fsr0l
   721  000200  C013  FFFB         	movff	??_high_isr+1,pclatu
   722  000204  C012  FFFA         	movff	??_high_isr,pclath
   723  000208  0011               	retfie		f
   724  00020A                     __end_of_high_isr:
   725                           	opt stack 0
   726  0000                     pclatu	equ	0xFFB
   727                           pclath	equ	0xFFA
   728                           tblptru	equ	0xFF8
   729                           tblptrh	equ	0xFF7
   730                           tblptrl	equ	0xFF6
   731                           tablat	equ	0xFF5
   732                           prodh	equ	0xFF4
   733                           prodl	equ	0xFF3
   734                           intcon	equ	0xFF2
   735                           fsr0h	equ	0xFEA
   736                           fsr0l	equ	0xFE9
   737                           wreg	equ	0xFE8
   738                           fsr1h	equ	0xFE2
   739                           fsr1l	equ	0xFE1
   740                           bsr	equ	0xFE0
   741                           fsr2h	equ	0xFDA
   742                           fsr2l	equ	0xFD9
   743                           status	equ	0xFD8
   744                           pclatu	equ	0xFFB
   745                           pclath	equ	0xFFA
   746                           tblptru	equ	0xFF8
   747                           tblptrh	equ	0xFF7
   748                           tblptrl	equ	0xFF6
   749                           tablat	equ	0xFF5
   750                           prodh	equ	0xFF4
   751                           prodl	equ	0xFF3
   752                           intcon	equ	0xFF2
   753                           fsr0h	equ	0xFEA
   754                           fsr0l	equ	0xFE9
   755                           wreg	equ	0xFE8
   756                           fsr1h	equ	0xFE2
   757                           fsr1l	equ	0xFE1
   758                           bsr	equ	0xFE0
   759                           fsr2h	equ	0xFDA
   760                           fsr2l	equ	0xFD9
   761                           status	equ	0xFD8
   762                           
   763                           	psect	rparam
   764  0000                     pclatu	equ	0xFFB
   765                           pclath	equ	0xFFA
   766                           tblptru	equ	0xFF8
   767                           tblptrh	equ	0xFF7
   768                           tblptrl	equ	0xFF6
   769                           tablat	equ	0xFF5
   770                           prodh	equ	0xFF4
   771                           prodl	equ	0xFF3
   772                           intcon	equ	0xFF2
   773                           fsr0h	equ	0xFEA
   774                           fsr0l	equ	0xFE9
   775                           wreg	equ	0xFE8
   776                           fsr1h	equ	0xFE2
   777                           fsr1l	equ	0xFE1
   778                           bsr	equ	0xFE0
   779                           fsr2h	equ	0xFDA
   780                           fsr2l	equ	0xFD9
   781                           status	equ	0xFD8


Data Sizes:
    Strings     0
    Constant    0
    Data        0
    BSS         5
    Persistent  0
    Stack       0

Auto Spaces:
    Space          Size  Autos    Used
    COMRAM           95     32      37
    BANK0           160      0       0
    BANK1           256      0       0
    BANK2           256      0       0
    BANK3           256      0       0
    BANK4           256      0       0
    BANK5           256      0       0
    BANK6           256      0       0
    BANK7           256      0       0

Pointer List with Targets:

    None.

Critical Paths under _main in COMRAM

    None.

Critical Paths under _high_isr in COMRAM

    None.

Critical Paths under _main in BANK0

    None.

Critical Paths under _high_isr in BANK0

    None.

Critical Paths under _main in BANK1

    None.

Critical Paths under _high_isr in BANK1

    None.

Critical Paths under _main in BANK2

    None.

Critical Paths under _high_isr in BANK2

    None.

Critical Paths under _main in BANK3

    None.

Critical Paths under _high_isr in BANK3

    None.

Critical Paths under _main in BANK4

    None.

Critical Paths under _high_isr in BANK4

    None.

Critical Paths under _main in BANK5

    None.

Critical Paths under _high_isr in BANK5

    None.

Critical Paths under _main in BANK6

    None.

Critical Paths under _high_isr in BANK6

    None.

Critical Paths under _main in BANK7

    None.

Critical Paths under _high_isr in BANK7

    None.

Call Graph Tables:

 ---------------------------------------------------------------------------------
 (Depth) Function   	        Calls       Base Space   Used Autos Params    Refs
 ---------------------------------------------------------------------------------
 (0) _main                                                 1     1      0       0
                                             31 COMRAM     1     1      0
                _ConfigureOscillator
                            _InitApp
 ---------------------------------------------------------------------------------
 (1) _InitApp                                              0     0      0       0
 ---------------------------------------------------------------------------------
 (1) _ConfigureOscillator                                  0     0      0       0
 ---------------------------------------------------------------------------------
 Estimated maximum stack depth 1
 ---------------------------------------------------------------------------------
 (Depth) Function   	        Calls       Base Space   Used Autos Params    Refs
 ---------------------------------------------------------------------------------
 (2) _low_isr                                             17    17      0       0
                                              0 COMRAM    17    17      0
 ---------------------------------------------------------------------------------
 (3) _high_isr                                            14    14      0       0
                                             17 COMRAM    14    14      0
 ---------------------------------------------------------------------------------
 Estimated maximum stack depth 3
 ---------------------------------------------------------------------------------

 Call Graph Graphs:

 _main (ROOT)
   _ConfigureOscillator
   _InitApp

 _low_isr (ROOT)

 Address spaces:
Name               Size   Autos  Total    Cost      Usage
BIGRAM             7FF      0       0      21        0.0%
EEDATA             100      0       0       0        0.0%
BITBANK7           100      0       0      18        0.0%
BANK7              100      0       0      19        0.0%
BITBANK6           100      0       0      16        0.0%
BANK6              100      0       0      17        0.0%
BITBANK5           100      0       0      14        0.0%
BANK5              100      0       0      15        0.0%
BITBANK4           100      0       0      12        0.0%
BANK4              100      0       0      13        0.0%
BITBANK3           100      0       0      10        0.0%
BANK3              100      0       0      11        0.0%
BITBANK2           100      0       0       8        0.0%
BANK2              100      0       0       9        0.0%
BITBANK1           100      0       0       6        0.0%
BANK1              100      0       0       7        0.0%
BITBANK0            A0      0       0       4        0.0%
BANK0               A0      0       0       5        0.0%
BITCOMRAM           5F      0       0       0        0.0%
COMRAM              5F     20      25       1       38.9%
BITSFR               0      0       0      40        0.0%
SFR                  0      0       0      40        0.0%
STACK                0      0       1       2        0.0%
NULL                 0      0       0       0        0.0%
ABS                  0      0      25      20        0.0%
DATA                 0      0      26       3        0.0%
CODE                 0      0       0       0        0.0%


Microchip Technology PIC18 Macro Assembler V1.20 build 52243 
Symbol Table                                                                                   Fri Jan 25 18:45:57 2019

                           _c 0021                            u20 00C6                            u40 00D8  
                          u26 00C8                            u60 00F6                            u46 00DA  
                          _c1 0022                            u80 0112                            _c2 0023  
                          u66 00F8                            u86 0114                   __CFG_BOR$ON 000000  
                          bsr 000FE0                   __CFG_BORV$3 000000                  __CFG_CP0$OFF 000000  
                __CFG_CP1$OFF 000000                  __CFG_CP2$OFF 000000                  __CFG_CP3$OFF 000000  
                         l635 00AE                           l661 0184                           l655 013E  
                         l657 0156                           l659 016C                  __CFG_CPB$OFF 000000  
                         u100 012C                           u110 0146                           u120 015E  
                         u130 0174                           u106 012E                           u140 018C  
                         u116 0148                           u126 0160                           u136 0176  
                         u146 018E                  __CFG_CPD$OFF 000000                           i1l6 005C  
                         i2l3 01D0                           _c90 0024                           wreg 000FE8  
                __CFG_LVP$OFF 000000                  __CFG_WDT$OFF 000000                          _TMR0 000FD6  
                        _main 00A6                          fsr0h 000FEA                          fsr1h 000FE2  
                        fsr0l 000FE9                          fsr2h 000FDA                          fsr1l 000FE1  
                        fsr2l 000FD9                          pclat 000FFA                          prodh 000FF4  
                        prodl 000FF3                          start 00A2                 __CFG_IESO$OFF 000000  
               __CFG_MCLRE$ON 000000               __end_of_InitApp 022E                 __CFG_PLLDIV$5 000000  
              __CFG_CCP2MX$ON 000000                         ?_main 0001                         _PORTD 000F83  
               __CFG_USBDIV$2 000000                         _TRISD 000F95           _ConfigureOscillator 023E  
               __CFG_PWRT$OFF 000000                 __CFG_WRT0$OFF 000000                 __CFG_WRT1$OFF 000000  
               __CFG_WRT2$OFF 000000                 __CFG_WRT3$OFF 000000                __CFG_EBTR0$OFF 000000  
              __CFG_FCMEN$OFF 000000                __CFG_EBTR1$OFF 000000                __CFG_EBTR2$OFF 000000  
              __CFG_EBTR3$OFF 000000                 __CFG_WRTB$OFF 000000                 __CFG_WRTC$OFF 000000  
               __CFG_WRTD$OFF 000000                __CFG_EBTRB$OFF 000000               __end_of_low_isr 00A2  
                       tablat 000FF5                         status 000FD8                __CFG_ICPRT$OFF 000000  
              __CFG_PBADEN$ON 000000          ?_ConfigureOscillator 0001               __initialization 022E  
                __end_of_main 01A2                        ??_main 0020                 __activetblptr 000000  
                   ??_InitApp 0020         ??_ConfigureOscillator 0020                __CFG_XINST$OFF 000000  
            __end_of_high_isr 020A                __CFG_STVREN$ON 000000                        _isHigh 0025  
                   ??_low_isr 0001                        tblptrh 000FF7                        tblptrl 000FF6  
                      tblptru 000FF8                    __accesstop 0060       __end_of__initialization 0238  
              __pcstackCOMRAM 0001                     ?_high_isr 0001               __CFG_VREGEN$OFF 000000  
                     _InitApp 020A                       __Hparam 0000                       __Lparam 0000  
                     __pcinit 022E                       __ramtop 0800                       __ptext0 00A6  
                     __ptext1 020A                       __ptext2 023E                     _T0CONbits 000FD5  
                     _low_isr 0018                    ??_high_isr 0012                __pintcode_body 01A2  
        end_of_initialization 0238                       int_func 01A2                     _PORTDbits 000F83  
 __end_of_ConfigureOscillator 0240           start_initialization 022E              __CFG_LPT1OSC$OFF 000000  
                 __pbssCOMRAM 0021             __size_of_high_isr 0202                      ?_InitApp 0001  
                   __pintcode 0008                   __pintcodelo 0018                      ?_low_isr 0001  
            __CFG_WDTPS$32768 000000              __size_of_InitApp 0024                      __Hrparam 0000  
                    __Lrparam 0000              __size_of_low_isr 008A                      _high_isr 0008  
               __size_of_main 00FC  __size_of_ConfigureOscillator 0002         __CFG_CPUDIV$OSC1_PLL2 000000  
                  _INTCONbits 000FF2                      intlevel1 0000                      intlevel2 0000  
          __CFG_FOSC$HSPLL_HS 000000  
